*** Starting uWSGI 2.0.18 (64bit) on [Fri Mar 20 05:47:12 2020] ***
compiled with version: 5.4.0 20160609 on 18 March 2020 15:24:35
os: Linux-4.4.0-1101-aws #112-Ubuntu SMP Thu Jan 9 11:27:02 UTC 2020
nodename: ip-172-31-47-139
machine: x86_64
clock source: unix
detected number of CPU cores: 1
current working directory: /home/ubuntu/covidapp
writing pidfile to django.uwsgi.pid
detected binary path: /home/ubuntu/.local/bin/uwsgi
!!! no internal routing support, rebuild with pcre support !!!
your processes number limit is 3900
your memory page size is 4096 bytes
 *** WARNING: you have enabled harakiri without post buffering. Slow upload could be rejected on post-unbuffered webservers *** 
detected max file descriptor number: 1024
lock engine: pthread robust mutexes
thunder lock: disabled (you can enable it with --thunder-lock)
probably another instance of uWSGI is running on the same address (127.0.0.1:8000).
bind(): Address already in use [core/socket.c line 769]
*** Starting uWSGI 2.0.18 (64bit) on [Fri Mar 20 05:54:30 2020] ***
compiled with version: 5.4.0 20160609 on 18 March 2020 15:24:35
os: Linux-4.4.0-1101-aws #112-Ubuntu SMP Thu Jan 9 11:27:02 UTC 2020
nodename: ip-172-31-47-139
machine: x86_64
clock source: unix
detected number of CPU cores: 1
current working directory: /home/ubuntu/covidapp
writing pidfile to django.uwsgi.pid
detected binary path: /home/ubuntu/.local/bin/uwsgi
!!! no internal routing support, rebuild with pcre support !!!
your processes number limit is 3900
your memory page size is 4096 bytes
 *** WARNING: you have enabled harakiri without post buffering. Slow upload could be rejected on post-unbuffered webservers *** 
detected max file descriptor number: 1024
lock engine: pthread robust mutexes
thunder lock: disabled (you can enable it with --thunder-lock)
probably another instance of uWSGI is running on the same address (127.0.0.1:8000).
bind(): Address already in use [core/socket.c line 769]
